Base path: C:/Program Files/Unity/Editor/Data
Pipe name: \\.\pipe\UnityShaderCompiler-64bit-1-108920
Cmd: getPlatforms
Cmd: preprocess
  insize=2183 outsize=2185 ok=1
Cmd: compileSnippet
  api=4 type=0 insize=15764 outsize=3825 kw=DIRECTIONAL SHADOWS_OFF LIGHTMAP_OFF DIRLIGHTMAP_OFF DYNAMICLIGHTMAP_OFF ok=1
Cmd: compileSnippet
  api=4 type=1 insize=15764 outsize=1436 kw=DIRECTIONAL SHADOWS_OFF LIGHTMAP_OFF DIRLIGHTMAP_OFF DYNAMICLIGHTMAP_OFF ok=1
Cmd: compileSnippet
  api=4 type=0 insize=9372 outsize=2915 kw=POINT ok=1
Cmd: compileSnippet
  api=4 type=1 insize=9372 outsize=2070 kw=POINT ok=1
Cmd: compileSnippet
  api=4 type=0 insize=8130 outsize=2728 kw= ok=1
Cmd: compileSnippet
  api=4 type=1 insize=8130 outsize=746 kw= ok=1
Cmd: compileSnippet
  api=4 type=0 insize=13796 outsize=4239 kw=LIGHTMAP_OFF DIRLIGHTMAP_OFF DYNAMICLIGHTMAP_OFF HDR_LIGHT_PREPASS_OFF ok=1
Cmd: compileSnippet
  api=4 type=1 insize=13796 outsize=1453 kw=LIGHTMAP_OFF DIRLIGHTMAP_OFF DYNAMICLIGHTMAP_OFF HDR_LIGHT_PREPASS_OFF ok=1
Cmd: compileSnippet
  api=4 type=0 insize=14238 outsize=3963 kw=LIGHTMAP_OFF DIRLIGHTMAP_OFF DYNAMICLIGHTMAP_OFF HDR_LIGHT_PREPASS_OFF ok=1
Cmd: compileSnippet
  api=4 type=1 insize=14238 outsize=1737 kw=LIGHTMAP_OFF DIRLIGHTMAP_OFF DYNAMICLIGHTMAP_OFF HDR_LIGHT_PREPASS_OFF ok=1
Cmd: compileSnippet
  api=4 type=0 insize=8512 outsize=2647 kw= ok=1
Cmd: compileSnippet
  api=4 type=1 insize=8512 outsize=1436 kw= ok=1
Cmd: preprocess
  error: 2 plat 1 at (78): undefined variable "NormalizeRGB"
  error: 2 plat 1 at (91): undefined variable "NormalizeRGB"
  insize=2289 outsize=2851 ok=0
Cmd: preprocess
  insize=2275 outsize=2184 ok=1
Cmd: compileSnippet
  api=4 type=0 insize=15948 outsize=3825 kw=DIRECTIONAL SHADOWS_OFF LIGHTMAP_OFF DIRLIGHTMAP_OFF DYNAMICLIGHTMAP_OFF ok=1
Cmd: compileSnippet
  api=4 type=1 insize=15948 outsize=2233 kw=DIRECTIONAL SHADOWS_OFF LIGHTMAP_OFF DIRLIGHTMAP_OFF DYNAMICLIGHTMAP_OFF ok=1
Cmd: compileSnippet
  api=4 type=0 insize=9556 outsize=2915 kw=POINT ok=1
Cmd: compileSnippet
  api=4 type=1 insize=9556 outsize=2866 kw=POINT ok=1
Cmd: compileSnippet
  api=4 type=0 insize=8650 outsize=2915 kw= ok=1
Cmd: compileSnippet
  api=4 type=1 insize=8650 outsize=794 kw= ok=1
Cmd: compileSnippet
  api=4 type=0 insize=13980 outsize=4239 kw=LIGHTMAP_OFF DIRLIGHTMAP_OFF DYNAMICLIGHTMAP_OFF HDR_LIGHT_PREPASS_OFF ok=1
Cmd: compileSnippet
  api=4 type=1 insize=13980 outsize=2249 kw=LIGHTMAP_OFF DIRLIGHTMAP_OFF DYNAMICLIGHTMAP_OFF HDR_LIGHT_PREPASS_OFF ok=1
Cmd: compileSnippet
  api=4 type=0 insize=14422 outsize=3963 kw=LIGHTMAP_OFF DIRLIGHTMAP_OFF DYNAMICLIGHTMAP_OFF HDR_LIGHT_PREPASS_OFF ok=1
Cmd: compileSnippet
  api=4 type=1 insize=14422 outsize=2533 kw=LIGHTMAP_OFF DIRLIGHTMAP_OFF DYNAMICLIGHTMAP_OFF HDR_LIGHT_PREPASS_OFF ok=1
Cmd: compileSnippet
  api=4 type=0 insize=8696 outsize=2647 kw= ok=1
Cmd: compileSnippet
  api=4 type=1 insize=8696 outsize=2233 kw= ok=1
Cmd: compileSnippet
  api=4 type=0 insize=9556 outsize=2915 kw=DIRECTIONAL ok=1
Cmd: compileSnippet
  api=4 type=1 insize=9556 outsize=2086 kw=DIRECTIONAL ok=1
